<?xml version="1.0" encoding="UTF-8"?>
<testsuite name="dev.be.blog.domain.CategoryTest" tests="6" skipped="0" failures="0" errors="0" timestamp="2023-09-12T14:37:39" hostname="yunjuhoui-MacBookAir.local" time="0.085">
  <properties/>
  <testcase name="하위 카테고리를 삭제할 수 있다" classname="dev.be.blog.domain.CategoryTest" time="0.067"/>
  <testcase name="이름으로 해당 컨텐트를 찾을 수 있다" classname="dev.be.blog.domain.CategoryTest" time="0.008"/>
  <testcase name="포스트의 이름을 변경할 수 있어야 한다" classname="dev.be.blog.domain.CategoryTest" time="0.005"/>
  <testcase name="카테고리의 이름을 변경할 수 있어야 한다" classname="dev.be.blog.domain.CategoryTest" time="0.001"/>
  <testcase name="카테고리 선택시 기존에 있던 카테고리 중 선택해야 한다" classname="dev.be.blog.domain.CategoryTest" time="0.001"/>
  <testcase name="하위 포스트를 삭제할 수 있다" classname="dev.be.blog.domain.CategoryTest" time="0.001"/>
  <system-out><![CDATA[]]></system-out>
  <system-err><![CDATA[]]></system-err>
</testsuite>
